<?xml version="1.0" encoding="UTF-8"?>
<!-- Generated by org.testng.reporters.JUnitXMLReporter -->
<testsuite ignored="0" hostname="LAPTOP-PFIONNJC" failures="1" tests="2" name="Application Test" time="18.902" errors="0" timestamp="2020-07-23T10:21:46 BST">
  <testcase classname="test1.NewTest" name="f" time="18.673"/>
  <testcase classname="test1.NewTest2" name="f" time="0.03">
    <failure type="org.testng.internal.thread.ThreadTimeoutException" message="Method test1.NewTest2.f() didn&amp;apos;t finish within the time-out 2">
      <![CDATA[org.testng.internal.thread.ThreadTimeoutException: Method test1.NewTest2.f() didn't finish within the time-out 2
at java.base/java.util.ArrayList.forEach(ArrayList.java:1510)
... Removed 24 stack frames]]>
    </failure>
  </testcase> <!-- f -->
</testsuite> <!-- Application Test -->
