<?xml version="1.0" encoding="UTF-8"?>
<testng-results ignored="0" total="1" passed="1" failed="0" skipped="0">
  <reporter-output>
  </reporter-output>
  <suite started-at="2020-07-30T12:55:13 BST" name="Default suite" finished-at="2020-07-30T12:55:44 BST" duration-ms="31516">
    <groups>
    </groups>
    <test started-at="2020-07-30T12:55:13 BST" name="Default test" finished-at="2020-07-30T12:55:44 BST" duration-ms="31516">
      <class name="Pageobject.Loginapplication">
        <test-method signature="Login()[pri:0, instance:Pageobject.Loginapplication@78dd667e]" started-at="2020-07-30T12:55:13 BST" name="Login" finished-at="2020-07-30T12:55:44 BST" duration-ms="31365" status="PASS">
          <reporter-output>
          </reporter-output>
        </test-method> <!-- Login -->
      </class> <!-- Pageobject.Loginapplication -->
    </test> <!-- Default test -->
  </suite> <!-- Default suite -->
</testng-results>
